ENV:CMS/, 2017-09-29 15:49:04, 0, MSG:Invalid DBO path /opt/lampp/htdocs/kas.loc/Admin/Core/Classes/DBO, LINE:166, FILE:/opt/lampp/htdocs/kas.loc/Admin/Core/Classes/Generator/DBOGenerator.php
ENV:CMS/, 2017-09-29 15:49:04, 0, MSG:Invalid DBO path /opt/lampp/htdocs/kas.loc/Admin/Core/Classes/DBO, LINE:166, FILE:/opt/lampp/htdocs/kas.loc/Admin/Core/Classes/Generator/DBOGenerator.php
ENV:CMS/, 2017-09-29 15:49:04, 0, MSG:Invalid DBO path /opt/lampp/htdocs/kas.loc/Admin/Core/Classes/DBO, LINE:166, FILE:/opt/lampp/htdocs/kas.loc/Admin/Core/Classes/Generator/DBOGenerator.php
ENV:CMS/, 2017-09-29 15:49:04, 0, MSG:Invalid DBO path /opt/lampp/htdocs/kas.loc/Admin/Core/Classes/DBO, LINE:166, FILE:/opt/lampp/htdocs/kas.loc/Admin/Core/Classes/Generator/DBOGenerator.php
ENV:CMS/, 2017-09-29 15:49:04, 0, MSG:Invalid DBO path /opt/lampp/htdocs/kas.loc/Admin/Core/Classes/DBO, LINE:166, FILE:/opt/lampp/htdocs/kas.loc/Admin/Core/Classes/Generator/DBOGenerator.php
ENV:CMS/, 2017-09-29 15:49:04, 0, MSG:Invalid DBO path /opt/lampp/htdocs/kas.loc/Admin/Core/Classes/DBO, LINE:166, FILE:/opt/lampp/htdocs/kas.loc/Admin/Core/Classes/Generator/DBOGenerator.php
ENV:CMS/, 2017-09-29 15:50:11, 0, MSG:Invalid DBO path /opt/lampp/htdocs/kas.loc/Admin/Core/Classes/DBO, LINE:167, FILE:/opt/lampp/htdocs/kas.loc/Admin/Core/Classes/Generator/DBOGenerator.php
ENV:CMS/, 2017-09-29 15:50:11, 0, MSG:Invalid DBO path /opt/lampp/htdocs/kas.loc/Admin/Core/Classes/DBO, LINE:167, FILE:/opt/lampp/htdocs/kas.loc/Admin/Core/Classes/Generator/DBOGenerator.php
ENV:CMS/, 2017-09-29 15:50:11, 0, MSG:Invalid DBO path /opt/lampp/htdocs/kas.loc/Admin/Core/Classes/DBO, LINE:167, FILE:/opt/lampp/htdocs/kas.loc/Admin/Core/Classes/Generator/DBOGenerator.php
ENV:CMS/, 2017-09-29 15:50:11, 0, MSG:Invalid DBO path /opt/lampp/htdocs/kas.loc/Admin/Core/Classes/DBO, LINE:167, FILE:/opt/lampp/htdocs/kas.loc/Admin/Core/Classes/Generator/DBOGenerator.php
ENV:CMS/, 2017-09-29 15:50:11, 0, MSG:Invalid DBO path /opt/lampp/htdocs/kas.loc/Admin/Core/Classes/DBO, LINE:167, FILE:/opt/lampp/htdocs/kas.loc/Admin/Core/Classes/Generator/DBOGenerator.php
ENV:CMS/, 2017-09-29 15:50:11, 0, MSG:Invalid DBO path /opt/lampp/htdocs/kas.loc/Admin/Core/Classes/DBO, LINE:167, FILE:/opt/lampp/htdocs/kas.loc/Admin/Core/Classes/Generator/DBOGenerator.php
ENV:CMS/, 2017-09-29 15:51:24, 0, MSG:Invalid DBO path /opt/lampp/htdocs/kas.loc/Admin/Core/Classes/DBO, LINE:167, FILE:/opt/lampp/htdocs/kas.loc/Admin/Core/Classes/Generator/DBOGenerator.php
ENV:CMS/, 2017-09-29 15:51:24, 0, MSG:Invalid DBO path /opt/lampp/htdocs/kas.loc/Admin/Core/Classes/DBO, LINE:167, FILE:/opt/lampp/htdocs/kas.loc/Admin/Core/Classes/Generator/DBOGenerator.php
ENV:CMS/, 2017-09-29 15:51:24, 0, MSG:Invalid DBO path /opt/lampp/htdocs/kas.loc/Admin/Core/Classes/DBO, LINE:167, FILE:/opt/lampp/htdocs/kas.loc/Admin/Core/Classes/Generator/DBOGenerator.php
ENV:CMS/, 2017-09-29 15:51:24, 0, MSG:Invalid DBO path /opt/lampp/htdocs/kas.loc/Admin/Core/Classes/DBO, LINE:167, FILE:/opt/lampp/htdocs/kas.loc/Admin/Core/Classes/Generator/DBOGenerator.php
ENV:CMS/, 2017-09-29 15:51:24, 0, MSG:Invalid DBO path /opt/lampp/htdocs/kas.loc/Admin/Core/Classes/DBO, LINE:167, FILE:/opt/lampp/htdocs/kas.loc/Admin/Core/Classes/Generator/DBOGenerator.php
ENV:CMS/, 2017-09-29 15:51:24, 0, MSG:Invalid DBO path /opt/lampp/htdocs/kas.loc/Admin/Core/Classes/DBO, LINE:167, FILE:/opt/lampp/htdocs/kas.loc/Admin/Core/Classes/Generator/DBOGenerator.php
ENV:CMS/, 2017-09-29 15:52:41, 0, MSG:Invalid DBO path /opt/lampp/htdocs/kas.loc/Admin/Core/Classes/DBO, LINE:170, FILE:/opt/lampp/htdocs/kas.loc/Admin/Core/Classes/Generator/DBOGenerator.php
ENV:CMS/, 2017-09-29 15:52:41, 0, MSG:Invalid DBO path /opt/lampp/htdocs/kas.loc/Admin/Core/Classes/DBO, LINE:170, FILE:/opt/lampp/htdocs/kas.loc/Admin/Core/Classes/Generator/DBOGenerator.php
ENV:CMS/, 2017-09-29 15:52:41, 0, MSG:Invalid DBO path /opt/lampp/htdocs/kas.loc/Admin/Core/Classes/DBO, LINE:170, FILE:/opt/lampp/htdocs/kas.loc/Admin/Core/Classes/Generator/DBOGenerator.php
ENV:CMS/, 2017-09-29 15:52:41, 0, MSG:Invalid DBO path /opt/lampp/htdocs/kas.loc/Admin/Core/Classes/DBO, LINE:170, FILE:/opt/lampp/htdocs/kas.loc/Admin/Core/Classes/Generator/DBOGenerator.php
ENV:CMS/, 2017-09-29 15:52:41, 0, MSG:Invalid DBO path /opt/lampp/htdocs/kas.loc/Admin/Core/Classes/DBO, LINE:170, FILE:/opt/lampp/htdocs/kas.loc/Admin/Core/Classes/Generator/DBOGenerator.php
ENV:CMS/, 2017-09-29 15:52:41, 0, MSG:Invalid DBO path /opt/lampp/htdocs/kas.loc/Admin/Core/Classes/DBO, LINE:170, FILE:/opt/lampp/htdocs/kas.loc/Admin/Core/Classes/Generator/DBOGenerator.php
ENV:CMS/, 2017-09-29 15:53:12, 0, MSG:Invalid DBO path /opt/lampp/htdocs/kas.loc/Admin/Core/Classes/DBO, LINE:170, FILE:/opt/lampp/htdocs/kas.loc/Admin/Core/Classes/Generator/DBOGenerator.php
ENV:CMS/, 2017-09-29 15:53:12, 0, MSG:Invalid DBO path /opt/lampp/htdocs/kas.loc/Admin/Core/Classes/DBO, LINE:170, FILE:/opt/lampp/htdocs/kas.loc/Admin/Core/Classes/Generator/DBOGenerator.php
ENV:CMS/, 2017-09-29 15:53:12, 0, MSG:Invalid DBO path /opt/lampp/htdocs/kas.loc/Admin/Core/Classes/DBO, LINE:170, FILE:/opt/lampp/htdocs/kas.loc/Admin/Core/Classes/Generator/DBOGenerator.php
ENV:CMS/, 2017-09-29 15:53:12, 0, MSG:Invalid DBO path /opt/lampp/htdocs/kas.loc/Admin/Core/Classes/DBO, LINE:170, FILE:/opt/lampp/htdocs/kas.loc/Admin/Core/Classes/Generator/DBOGenerator.php
ENV:CMS/, 2017-09-29 15:53:12, 0, MSG:Invalid DBO path /opt/lampp/htdocs/kas.loc/Admin/Core/Classes/DBO, LINE:170, FILE:/opt/lampp/htdocs/kas.loc/Admin/Core/Classes/Generator/DBOGenerator.php
ENV:CMS/, 2017-09-29 15:53:12, 0, MSG:Invalid DBO path /opt/lampp/htdocs/kas.loc/Admin/Core/Classes/DBO, LINE:170, FILE:/opt/lampp/htdocs/kas.loc/Admin/Core/Classes/Generator/DBOGenerator.php
ENV:CMS/, 2017-09-29 15:54:55, 0, MSG:Invalid DBO path /opt/lampp/htdocs/kas.loc/Admin/Core/Classes/DBO, LINE:170, FILE:/opt/lampp/htdocs/kas.loc/Admin/Core/Classes/Generator/DBOGenerator.php
ENV:CMS/, 2017-09-29 15:54:55, 0, MSG:Invalid DBO path /opt/lampp/htdocs/kas.loc/Admin/Core/Classes/DBO, LINE:170, FILE:/opt/lampp/htdocs/kas.loc/Admin/Core/Classes/Generator/DBOGenerator.php
ENV:CMS/, 2017-09-29 15:54:55, 0, MSG:Invalid DBO path /opt/lampp/htdocs/kas.loc/Admin/Core/Classes/DBO, LINE:170, FILE:/opt/lampp/htdocs/kas.loc/Admin/Core/Classes/Generator/DBOGenerator.php
ENV:CMS/, 2017-09-29 15:54:55, 0, MSG:Invalid DBO path /opt/lampp/htdocs/kas.loc/Admin/Core/Classes/DBO, LINE:170, FILE:/opt/lampp/htdocs/kas.loc/Admin/Core/Classes/Generator/DBOGenerator.php
ENV:CMS/, 2017-09-29 15:54:55, 0, MSG:Invalid DBO path /opt/lampp/htdocs/kas.loc/Admin/Core/Classes/DBO, LINE:170, FILE:/opt/lampp/htdocs/kas.loc/Admin/Core/Classes/Generator/DBOGenerator.php
ENV:CMS/, 2017-09-29 15:54:55, 0, MSG:Invalid DBO path /opt/lampp/htdocs/kas.loc/Admin/Core/Classes/DBO, LINE:170, FILE:/opt/lampp/htdocs/kas.loc/Admin/Core/Classes/Generator/DBOGenerator.php
ENV:CMS/, 2017-09-29 15:55:50, 0, MSG:Invalid DBO path /opt/lampp/htdocs/kas.loc/Admin/Core/Classes/DBO, LINE:171, FILE:/opt/lampp/htdocs/kas.loc/Admin/Core/Classes/Generator/DBOGenerator.php
ENV:CMS/, 2017-09-29 15:55:50, 0, MSG:Invalid DBO path /opt/lampp/htdocs/kas.loc/Admin/Core/Classes/DBO, LINE:171, FILE:/opt/lampp/htdocs/kas.loc/Admin/Core/Classes/Generator/DBOGenerator.php
ENV:CMS/, 2017-09-29 15:55:50, 0, MSG:Invalid DBO path /opt/lampp/htdocs/kas.loc/Admin/Core/Classes/DBO, LINE:171, FILE:/opt/lampp/htdocs/kas.loc/Admin/Core/Classes/Generator/DBOGenerator.php
ENV:CMS/, 2017-09-29 15:55:50, 0, MSG:Invalid DBO path /opt/lampp/htdocs/kas.loc/Admin/Core/Classes/DBO, LINE:171, FILE:/opt/lampp/htdocs/kas.loc/Admin/Core/Classes/Generator/DBOGenerator.php
ENV:CMS/, 2017-09-29 15:55:50, 0, MSG:Invalid DBO path /opt/lampp/htdocs/kas.loc/Admin/Core/Classes/DBO, LINE:171, FILE:/opt/lampp/htdocs/kas.loc/Admin/Core/Classes/Generator/DBOGenerator.php
ENV:CMS/, 2017-09-29 15:55:50, 0, MSG:Invalid DBO path /opt/lampp/htdocs/kas.loc/Admin/Core/Classes/DBO, LINE:171, FILE:/opt/lampp/htdocs/kas.loc/Admin/Core/Classes/Generator/DBOGenerator.php
ENV:CMS/, 2017-09-29 15:55:51, 0, MSG:Invalid DBO path /opt/lampp/htdocs/kas.loc/Admin/Core/Classes/DBO, LINE:171, FILE:/opt/lampp/htdocs/kas.loc/Admin/Core/Classes/Generator/DBOGenerator.php
ENV:CMS/, 2017-09-29 15:55:51, 0, MSG:Invalid DBO path /opt/lampp/htdocs/kas.loc/Admin/Core/Classes/DBO, LINE:171, FILE:/opt/lampp/htdocs/kas.loc/Admin/Core/Classes/Generator/DBOGenerator.php
ENV:CMS/, 2017-09-29 15:55:51, 0, MSG:Invalid DBO path /opt/lampp/htdocs/kas.loc/Admin/Core/Classes/DBO, LINE:171, FILE:/opt/lampp/htdocs/kas.loc/Admin/Core/Classes/Generator/DBOGenerator.php
ENV:CMS/, 2017-09-29 15:55:51, 0, MSG:Invalid DBO path /opt/lampp/htdocs/kas.loc/Admin/Core/Classes/DBO, LINE:171, FILE:/opt/lampp/htdocs/kas.loc/Admin/Core/Classes/Generator/DBOGenerator.php
ENV:CMS/, 2017-09-29 15:55:51, 0, MSG:Invalid DBO path /opt/lampp/htdocs/kas.loc/Admin/Core/Classes/DBO, LINE:171, FILE:/opt/lampp/htdocs/kas.loc/Admin/Core/Classes/Generator/DBOGenerator.php
ENV:CMS/, 2017-09-29 15:55:51, 0, MSG:Invalid DBO path /opt/lampp/htdocs/kas.loc/Admin/Core/Classes/DBO, LINE:171, FILE:/opt/lampp/htdocs/kas.loc/Admin/Core/Classes/Generator/DBOGenerator.php
ENV:CMS/, 2017-09-29 15:57:07, 0, MSG:Invalid DBO path /opt/lampp/htdocs/kas.loc/Admin/Core/Classes/DBO, LINE:171, FILE:/opt/lampp/htdocs/kas.loc/Admin/Core/Classes/Generator/DBOGenerator.php
ENV:CMS/, 2017-09-29 15:57:07, 0, MSG:Invalid DBO path /opt/lampp/htdocs/kas.loc/Admin/Core/Classes/DBO, LINE:171, FILE:/opt/lampp/htdocs/kas.loc/Admin/Core/Classes/Generator/DBOGenerator.php
ENV:CMS/, 2017-09-29 15:57:08, 0, MSG:Invalid DBO path /opt/lampp/htdocs/kas.loc/Admin/Core/Classes/DBO, LINE:171, FILE:/opt/lampp/htdocs/kas.loc/Admin/Core/Classes/Generator/DBOGenerator.php
ENV:CMS/, 2017-09-29 15:57:08, 0, MSG:Invalid DBO path /opt/lampp/htdocs/kas.loc/Admin/Core/Classes/DBO, LINE:171, FILE:/opt/lampp/htdocs/kas.loc/Admin/Core/Classes/Generator/DBOGenerator.php
ENV:CMS/, 2017-09-29 15:57:08, 0, MSG:Invalid DBO path /opt/lampp/htdocs/kas.loc/Admin/Core/Classes/DBO, LINE:171, FILE:/opt/lampp/htdocs/kas.loc/Admin/Core/Classes/Generator/DBOGenerator.php
ENV:CMS/, 2017-09-29 15:57:08, 0, MSG:Invalid DBO path /opt/lampp/htdocs/kas.loc/Admin/Core/Classes/DBO, LINE:171, FILE:/opt/lampp/htdocs/kas.loc/Admin/Core/Classes/Generator/DBOGenerator.php
ENV:CMS/, 2017-09-29 15:58:11, 0, MSG:Invalid DBO path /opt/lampp/htdocs/kas.loc/Admin/Core/Classes/DBO, LINE:171, FILE:/opt/lampp/htdocs/kas.loc/Admin/Core/Classes/Generator/DBOGenerator.php
ENV:CMS/, 2017-09-29 15:58:11, 0, MSG:Invalid DBO path /opt/lampp/htdocs/kas.loc/Admin/Core/Classes/DBO, LINE:171, FILE:/opt/lampp/htdocs/kas.loc/Admin/Core/Classes/Generator/DBOGenerator.php
ENV:CMS/, 2017-09-29 15:58:11, 0, MSG:Invalid DBO path /opt/lampp/htdocs/kas.loc/Admin/Core/Classes/DBO, LINE:171, FILE:/opt/lampp/htdocs/kas.loc/Admin/Core/Classes/Generator/DBOGenerator.php
ENV:CMS/, 2017-09-29 15:58:11, 0, MSG:Invalid DBO path /opt/lampp/htdocs/kas.loc/Admin/Core/Classes/DBO, LINE:171, FILE:/opt/lampp/htdocs/kas.loc/Admin/Core/Classes/Generator/DBOGenerator.php
ENV:CMS/, 2017-09-29 15:58:11, 0, MSG:Invalid DBO path /opt/lampp/htdocs/kas.loc/Admin/Core/Classes/DBO, LINE:171, FILE:/opt/lampp/htdocs/kas.loc/Admin/Core/Classes/Generator/DBOGenerator.php
ENV:CMS/, 2017-09-29 15:58:11, 0, MSG:Invalid DBO path /opt/lampp/htdocs/kas.loc/Admin/Core/Classes/DBO, LINE:171, FILE:/opt/lampp/htdocs/kas.loc/Admin/Core/Classes/Generator/DBOGenerator.php
ENV:CMS/, 2017-09-30 08:33:21, 0, MSG:Invalid arguments, LINE:28, FILE:/opt/lampp/htdocs/kas.loc/Admin/Core/Classes/Terminal/Handlers/CatalogHandler.php
ENV:CMS/, 2017-09-30 08:42:45, 0, MSG:Invalid arguments, LINE:35, FILE:/opt/lampp/htdocs/kas.loc/Admin/Core/Classes/Terminal/Handlers/CatalogHandler.php
ENV:APP/, 2017-10-04 02:13:24, 0, MSG:Document data not found, LINE:189, FILE:/opt/lampp/htdocs/kas.loc/Admin/Core/Classes/Document/Document.php
ENV:APP/, 2017-10-04 02:13:41, 404, MSG:, LINE:99, FILE:/opt/lampp/htdocs/kas.loc/Admin/Core/Classes/NS/NSManager.php
ENV:APP/, 2017-10-04 02:13:49, 404, MSG:, LINE:99, FILE:/opt/lampp/htdocs/kas.loc/Admin/Core/Classes/NS/NSManager.php
ENV:APP/, 2017-10-04 02:13:52, 0, MSG:Document data not found, LINE:189, FILE:/opt/lampp/htdocs/kas.loc/Admin/Core/Classes/Document/Document.php
ENV:APP/, 2017-10-04 02:14:16, 0, MSG:Document data not found, LINE:189, FILE:/opt/lampp/htdocs/kas.loc/Admin/Core/Classes/Document/Document.php
ENV:APP/, 2017-10-04 02:14:37, 404, MSG:, LINE:99, FILE:/opt/lampp/htdocs/kas.loc/Admin/Core/Classes/NS/NSManager.php
ENV:CMS/, 2017-10-04 02:48:38, 0, MSG:Invalid arguments, LINE:41, FILE:/opt/lampp/htdocs/kas.loc/Admin/Core/Classes/Terminal/Handlers/RouteHandler.php
ENV:CMS/, 2017-10-04 02:49:18, 0, MSG:Invalid arguments, LINE:42, FILE:/opt/lampp/htdocs/kas.loc/Admin/Core/Classes/Terminal/Handlers/RouteHandler.php
ENV:APP/, 2017-10-04 03:46:48, 0, MSG:Document data not found, LINE:189, FILE:/opt/lampp/htdocs/kas.loc/Admin/Core/Classes/Document/Document.php
ENV:CMS/, 2017-10-19 08:30:58, 402, MSG:SQLSTATE[HY000] [2002] В соединении отказано, LINE:297, FILE:/opt/lampp/htdocs/kas.loc/Admin/Core/Classes/DB/DB.php
ENV:APP/, 2017-11-01 09:22:36, 0, MSG:Document data not found, LINE:189, FILE:E:\xampp\htdocs\kas.loc\Admin\Core\Classes\Document\Document.php
